  Determining projects to restore...
C:\Users\Junnu\Project Test\ProxmoxManager\ProxmoxManager\ProxmoxManager.csproj : warning NU1701: Package 'CredentialManagement 1.0.2' was restored using '.NETFramework,Version=v4.6.1, .NETFramework,Version=v4.6.2, .NETFramework,Version=v4.7, .NETFramework,Version=v4.7.1, .NETFramework,Version=v4.7.2, .NETFramework,Version=v4.8, .NETFramework,Version=v4.8.1' instead of the project target framework 'net8.0-windows7.0'. This package may not be fully compatible with your project.
  All projects are up-to-date for restore.
C:\Users\Junnu\Project Test\ProxmoxManager\ProxmoxManager\ProxmoxManager.csproj : warning NU1701: Package 'CredentialManagement 1.0.2' was restored using '.NETFramework,Version=v4.6.1, .NETFramework,Version=v4.6.2, .NETFramework,Version=v4.7, .NETFramework,Version=v4.7.1, .NETFramework,Version=v4.7.2, .NETFramework,Version=v4.8, .NETFramework,Version=v4.8.1' instead of the project target framework 'net8.0-windows7.0'. This package may not be fully compatible with your project.
C:\Users\Junnu\Project Test\ProxmoxManager\ProxmoxManager\Forms\Program.cs(9,17): error CS0017: Program has more than one entry point defined. Compile with /main to specify the type that contains the entry point. [C:\Users\Junnu\Project Test\ProxmoxManager\ProxmoxManager\ProxmoxManager.csproj]
C:\Users\Junnu\Project Test\ProxmoxManager\ProxmoxManager\Forms\Program.cs(14,29): error CS0246: The type or namespace name 'Form1' could not be found (are you missing a using directive or an assembly reference?) [C:\Users\Junnu\Project Test\ProxmoxManager\ProxmoxManager\ProxmoxManager.csproj]
C:\Users\Junnu\Project Test\ProxmoxManager\ProxmoxManager\Models\ProxmoxConnection.cs(9,20): warning CS8618: Non-nullable field 'url' must contain a non-null value when exiting constructor. Consider adding the 'required' modifier or declaring the field as nullable. [C:\Users\Junnu\Project Test\ProxmoxManager\ProxmoxManager\ProxmoxManager.csproj]
C:\Users\Junnu\Project Test\ProxmoxManager\ProxmoxManager\Models\ProxmoxConnection.cs(12,20): warning CS8618: Non-nullable field 'username' must contain a non-null value when exiting constructor. Consider adding the 'required' modifier or declaring the field as nullable. [C:\Users\Junnu\Project Test\ProxmoxManager\ProxmoxManager\ProxmoxManager.csproj]
C:\Users\Junnu\Project Test\ProxmoxManager\ProxmoxManager\Models\ProxmoxConnection.cs(15,20): warning CS8618: Non-nullable field 'realm' must contain a non-null value when exiting constructor. Consider adding the 'required' modifier or declaring the field as nullable. [C:\Users\Junnu\Project Test\ProxmoxManager\ProxmoxManager\ProxmoxManager.csproj]
C:\Users\Junnu\Project Test\ProxmoxManager\ProxmoxManager\Services\ProxmoxService.cs(36,20): warning CS8602: Dereference of a possibly null reference. [C:\Users\Junnu\Project Test\ProxmoxManager\ProxmoxManager\ProxmoxManager.csproj]
C:\Users\Junnu\Project Test\ProxmoxManager\ProxmoxManager\Services\ProxmoxService.cs(37,22): warning CS8602: Dereference of a possibly null reference. [C:\Users\Junnu\Project Test\ProxmoxManager\ProxmoxManager\ProxmoxManager.csproj]
C:\Users\Junnu\Project Test\ProxmoxManager\ProxmoxManager\Services\ProxmoxService.cs(37,22): warning CS8602: Dereference of a possibly null reference. [C:\Users\Junnu\Project Test\ProxmoxManager\ProxmoxManager\ProxmoxManager.csproj]
C:\Users\Junnu\Project Test\ProxmoxManager\ProxmoxManager\Services\ProxmoxService.cs(38,20): warning CS8602: Dereference of a possibly null reference. [C:\Users\Junnu\Project Test\ProxmoxManager\ProxmoxManager\ProxmoxManager.csproj]
C:\Users\Junnu\Project Test\ProxmoxManager\ProxmoxManager\Program.cs(31,26): error CS1061: 'IServiceCollection' does not contain a definition for 'AddHttpClient' and no accessible extension method 'AddHttpClient' accepting a first argument of type 'IServiceCollection' could be found (are you missing a using directive or an assembly reference?) [C:\Users\Junnu\Project Test\ProxmoxManager\ProxmoxManager\ProxmoxManager.csproj]
C:\Users\Junnu\Project Test\ProxmoxManager\ProxmoxManager\Program.cs(32,39): error CS0246: The type or namespace name 'IAuthService' could not be found (are you missing a using directive or an assembly reference?) [C:\Users\Junnu\Project Test\ProxmoxManager\ProxmoxManager\ProxmoxManager.csproj]
C:\Users\Junnu\Project Test\ProxmoxManager\ProxmoxManager\Program.cs(32,53): error CS0246: The type or namespace name 'AuthService' could not be found (are you missing a using directive or an assembly reference?) [C:\Users\Junnu\Project Test\ProxmoxManager\ProxmoxManager\ProxmoxManager.csproj]
C:\Users\Junnu\Project Test\ProxmoxManager\ProxmoxManager\Program.cs(33,39): error CS0246: The type or namespace name 'IProxmoxService' could not be found (are you missing a using directive or an assembly reference?) [C:\Users\Junnu\Project Test\ProxmoxManager\ProxmoxManager\ProxmoxManager.csproj]
C:\Users\Junnu\Project Test\ProxmoxManager\ProxmoxManager\Program.cs(33,56): error CS0246: The type or namespace name 'ProxmoxService' could not be found (are you missing a using directive or an assembly reference?) [C:\Users\Junnu\Project Test\ProxmoxManager\ProxmoxManager\ProxmoxManager.csproj]
C:\Users\Junnu\Project Test\ProxmoxManager\ProxmoxManager\Program.cs(34,39): error CS0246: The type or namespace name 'ConnectionService' could not be found (are you missing a using directive or an assembly reference?) [C:\Users\Junnu\Project Test\ProxmoxManager\ProxmoxManager\ProxmoxManager.csproj]
C:\Users\Junnu\Project Test\ProxmoxManager\ProxmoxManager\Program.cs(25,36): warning CS8618: Non-nullable property 'ServiceProvider' must contain a non-null value when exiting constructor. Consider adding the 'required' modifier or declaring the property as nullable. [C:\Users\Junnu\Project Test\ProxmoxManager\ProxmoxManager\ProxmoxManager.csproj]
C:\Users\Junnu\Project Test\ProxmoxManager\ProxmoxManager\Services\ProxmoxService.cs(54,30): warning CS8602: Dereference of a possibly null reference. [C:\Users\Junnu\Project Test\ProxmoxManager\ProxmoxManager\ProxmoxManager.csproj]
C:\Users\Junnu\Project Test\ProxmoxManager\ProxmoxManager\Services\ProxmoxService.cs(54,30): warning CS8602: Dereference of a possibly null reference. [C:\Users\Junnu\Project Test\ProxmoxManager\ProxmoxManager\ProxmoxManager.csproj]
C:\Users\Junnu\Project Test\ProxmoxManager\ProxmoxManager\Services\ProxmoxService.cs(56,23): warning CS8602: Dereference of a possibly null reference. [C:\Users\Junnu\Project Test\ProxmoxManager\ProxmoxManager\ProxmoxManager.csproj]
C:\Users\Junnu\Project Test\ProxmoxManager\ProxmoxManager\Services\ProxmoxService.cs(56,23): warning CS8602: Dereference of a possibly null reference. [C:\Users\Junnu\Project Test\ProxmoxManager\ProxmoxManager\ProxmoxManager.csproj]
C:\Users\Junnu\Project Test\ProxmoxManager\ProxmoxManager\Services\ConnectionService.cs(19,39): warning CS8604: Possible null reference argument for parameter 'path' in 'DirectoryInfo Directory.CreateDirectory(string path)'. [C:\Users\Junnu\Project Test\ProxmoxManager\ProxmoxManager\ProxmoxManager.csproj]

Build FAILED.

C:\Users\Junnu\Project Test\ProxmoxManager\ProxmoxManager\ProxmoxManager.csproj : warning NU1701: Package 'CredentialManagement 1.0.2' was restored using '.NETFramework,Version=v4.6.1, .NETFramework,Version=v4.6.2, .NETFramework,Version=v4.7, .NETFramework,Version=v4.7.1, .NETFramework,Version=v4.7.2, .NETFramework,Version=v4.8, .NETFramework,Version=v4.8.1' instead of the project target framework 'net8.0-windows7.0'. This package may not be fully compatible with your project.
C:\Users\Junnu\Project Test\ProxmoxManager\ProxmoxManager\ProxmoxManager.csproj : warning NU1701: Package 'CredentialManagement 1.0.2' was restored using '.NETFramework,Version=v4.6.1, .NETFramework,Version=v4.6.2, .NETFramework,Version=v4.7, .NETFramework,Version=v4.7.1, .NETFramework,Version=v4.7.2, .NETFramework,Version=v4.8, .NETFramework,Version=v4.8.1' instead of the project target framework 'net8.0-windows7.0'. This package may not be fully compatible with your project.
C:\Users\Junnu\Project Test\ProxmoxManager\ProxmoxManager\Models\ProxmoxConnection.cs(9,20): warning CS8618: Non-nullable field 'url' must contain a non-null value when exiting constructor. Consider adding the 'required' modifier or declaring the field as nullable. [C:\Users\Junnu\Project Test\ProxmoxManager\ProxmoxManager\ProxmoxManager.csproj]
C:\Users\Junnu\Project Test\ProxmoxManager\ProxmoxManager\Models\ProxmoxConnection.cs(12,20): warning CS8618: Non-nullable field 'username' must contain a non-null value when exiting constructor. Consider adding the 'required' modifier or declaring the field as nullable. [C:\Users\Junnu\Project Test\ProxmoxManager\ProxmoxManager\ProxmoxManager.csproj]
C:\Users\Junnu\Project Test\ProxmoxManager\ProxmoxManager\Models\ProxmoxConnection.cs(15,20): warning CS8618: Non-nullable field 'realm' must contain a non-null value when exiting constructor. Consider adding the 'required' modifier or declaring the field as nullable. [C:\Users\Junnu\Project Test\ProxmoxManager\ProxmoxManager\ProxmoxManager.csproj]
C:\Users\Junnu\Project Test\ProxmoxManager\ProxmoxManager\Services\ProxmoxService.cs(36,20): warning CS8602: Dereference of a possibly null reference. [C:\Users\Junnu\Project Test\ProxmoxManager\ProxmoxManager\ProxmoxManager.csproj]
C:\Users\Junnu\Project Test\ProxmoxManager\ProxmoxManager\Services\ProxmoxService.cs(37,22): warning CS8602: Dereference of a possibly null reference. [C:\Users\Junnu\Project Test\ProxmoxManager\ProxmoxManager\ProxmoxManager.csproj]
C:\Users\Junnu\Project Test\ProxmoxManager\ProxmoxManager\Services\ProxmoxService.cs(37,22): warning CS8602: Dereference of a possibly null reference. [C:\Users\Junnu\Project Test\ProxmoxManager\ProxmoxManager\ProxmoxManager.csproj]
C:\Users\Junnu\Project Test\ProxmoxManager\ProxmoxManager\Services\ProxmoxService.cs(38,20): warning CS8602: Dereference of a possibly null reference. [C:\Users\Junnu\Project Test\ProxmoxManager\ProxmoxManager\ProxmoxManager.csproj]
C:\Users\Junnu\Project Test\ProxmoxManager\ProxmoxManager\Program.cs(25,36): warning CS8618: Non-nullable property 'ServiceProvider' must contain a non-null value when exiting constructor. Consider adding the 'required' modifier or declaring the property as nullable. [C:\Users\Junnu\Project Test\ProxmoxManager\ProxmoxManager\ProxmoxManager.csproj]
C:\Users\Junnu\Project Test\ProxmoxManager\ProxmoxManager\Services\ProxmoxService.cs(54,30): warning CS8602: Dereference of a possibly null reference. [C:\Users\Junnu\Project Test\ProxmoxManager\ProxmoxManager\ProxmoxManager.csproj]
C:\Users\Junnu\Project Test\ProxmoxManager\ProxmoxManager\Services\ProxmoxService.cs(54,30): warning CS8602: Dereference of a possibly null reference. [C:\Users\Junnu\Project Test\ProxmoxManager\ProxmoxManager\ProxmoxManager.csproj]
C:\Users\Junnu\Project Test\ProxmoxManager\ProxmoxManager\Services\ProxmoxService.cs(56,23): warning CS8602: Dereference of a possibly null reference. [C:\Users\Junnu\Project Test\ProxmoxManager\ProxmoxManager\ProxmoxManager.csproj]
C:\Users\Junnu\Project Test\ProxmoxManager\ProxmoxManager\Services\ProxmoxService.cs(56,23): warning CS8602: Dereference of a possibly null reference. [C:\Users\Junnu\Project Test\ProxmoxManager\ProxmoxManager\ProxmoxManager.csproj]
C:\Users\Junnu\Project Test\ProxmoxManager\ProxmoxManager\Services\ConnectionService.cs(19,39): warning CS8604: Possible null reference argument for parameter 'path' in 'DirectoryInfo Directory.CreateDirectory(string path)'. [C:\Users\Junnu\Project Test\ProxmoxManager\ProxmoxManager\ProxmoxManager.csproj]
C:\Users\Junnu\Project Test\ProxmoxManager\ProxmoxManager\Forms\Program.cs(9,17): error CS0017: Program has more than one entry point defined. Compile with /main to specify the type that contains the entry point. [C:\Users\Junnu\Project Test\ProxmoxManager\ProxmoxManager\ProxmoxManager.csproj]
C:\Users\Junnu\Project Test\ProxmoxManager\ProxmoxManager\Forms\Program.cs(14,29): error CS0246: The type or namespace name 'Form1' could not be found (are you missing a using directive or an assembly reference?) [C:\Users\Junnu\Project Test\ProxmoxManager\ProxmoxManager\ProxmoxManager.csproj]
C:\Users\Junnu\Project Test\ProxmoxManager\ProxmoxManager\Program.cs(31,26): error CS1061: 'IServiceCollection' does not contain a definition for 'AddHttpClient' and no accessible extension method 'AddHttpClient' accepting a first argument of type 'IServiceCollection' could be found (are you missing a using directive or an assembly reference?) [C:\Users\Junnu\Project Test\ProxmoxManager\ProxmoxManager\ProxmoxManager.csproj]
C:\Users\Junnu\Project Test\ProxmoxManager\ProxmoxManager\Program.cs(32,39): error CS0246: The type or namespace name 'IAuthService' could not be found (are you missing a using directive or an assembly reference?) [C:\Users\Junnu\Project Test\ProxmoxManager\ProxmoxManager\ProxmoxManager.csproj]
C:\Users\Junnu\Project Test\ProxmoxManager\ProxmoxManager\Program.cs(32,53): error CS0246: The type or namespace name 'AuthService' could not be found (are you missing a using directive or an assembly reference?) [C:\Users\Junnu\Project Test\ProxmoxManager\ProxmoxManager\ProxmoxManager.csproj]
C:\Users\Junnu\Project Test\ProxmoxManager\ProxmoxManager\Program.cs(33,39): error CS0246: The type or namespace name 'IProxmoxService' could not be found (are you missing a using directive or an assembly reference?) [C:\Users\Junnu\Project Test\ProxmoxManager\ProxmoxManager\ProxmoxManager.csproj]
C:\Users\Junnu\Project Test\ProxmoxManager\ProxmoxManager\Program.cs(33,56): error CS0246: The type or namespace name 'ProxmoxService' could not be found (are you missing a using directive or an assembly reference?) [C:\Users\Junnu\Project Test\ProxmoxManager\ProxmoxManager\ProxmoxManager.csproj]
C:\Users\Junnu\Project Test\ProxmoxManager\ProxmoxManager\Program.cs(34,39): error CS0246: The type or namespace name 'ConnectionService' could not be found (are you missing a using directive or an assembly reference?) [C:\Users\Junnu\Project Test\ProxmoxManager\ProxmoxManager\ProxmoxManager.csproj]
    15 Warning(s)
    8 Error(s)

Time Elapsed 00:00:02.52
